# JRE version: Java(TM) SE Runtime Environment (17.0.12+8) (build 17.0.12+8-LTS-286)
# Java VM: Java HotSpot(TM) 64-Bit Server VM (17.0.12+8-LTS-286, mixed mode, sharing, tiered, compressed oops, compressed class ptrs, g1 gc, windows-amd64)
GC Precious Log:
 CPUs: 4 total, 4 available
 Memory: 7863M
 Large Page Support: Disabled
 NUMA Support: Disabled
 Compressed Oops: Enabled (32-bit)
 Heap Region Size: 1M
 Heap Min Capacity: 8M
 Heap Initial Capacity: 124M
 Heap Max Capacity: 1966M
 Pre-touch: Disabled
 Parallel Workers: 4
 Concurrent Workers: 1
 Concurrent Refinement Workers: 4
 Periodic GC: Disabled
Heap:
 garbage-first heap   total 126976K, used 22359K [0x0000000085200000, 0x0000000100000000)
  region size 1024K, 17 young (17408K), 3 survivors (3072K)
 Metaspace       used 15845K, committed 16192K, reserved 1114112K
  class space    used 1963K, committed 2112K, reserved 1048576K
GC Heap History (6 events):
Event: 2.148 GC heap before
{Heap before GC invocations=0 (full 0):
 garbage-first heap   total 126976K, used 14336K [0x0000000085200000, 0x0000000100000000)
  region size 1024K, 13 young (13312K), 0 survivors (0K)
 Metaspace       used 3521K, committed 3648K, reserved 1114112K
  class space    used 342K, committed 384K, reserved 1048576K
}
Event: 2.158 GC heap after
{Heap after GC invocations=1 (full 0):
 garbage-first heap   total 126976K, used 7269K [0x0000000085200000, 0x0000000100000000)
  region size 1024K, 2 young (2048K), 2 survivors (2048K)
 Metaspace       used 3521K, committed 3648K, reserved 1114112K
  class space    used 342K, committed 384K, reserved 1048576K
}
Event: 2.841 GC heap before
{Heap before GC invocations=1 (full 0):
 garbage-first heap   total 126976K, used 16485K [0x0000000085200000, 0x0000000100000000)
  region size 1024K, 12 young (12288K), 2 survivors (2048K)
 Metaspace       used 6703K, committed 6912K, reserved 1114112K
  class space    used 774K, committed 896K, reserved 1048576K
}
Event: 2.848 GC heap after
{Heap after GC invocations=2 (full 0):
 garbage-first heap   total 126976K, used 8108K [0x0000000085200000, 0x0000000100000000)
  region size 1024K, 1 young (1024K), 1 survivors (1024K)
 Metaspace       used 6703K, committed 6912K, reserved 1114112K
  class space    used 774K, committed 896K, reserved 1048576K
}
Event: 4.816 GC heap before
{Heap before GC invocations=2 (full 0):
 garbage-first heap   total 126976K, used 30636K [0x0000000085200000, 0x0000000100000000)
  region size 1024K, 24 young (24576K), 1 survivors (1024K)
 Metaspace       used 12551K, committed 12864K, reserved 1114112K
  class space    used 1525K, committed 1664K, reserved 1048576K
}
Event: 4.822 GC heap after
{Heap after GC invocations=3 (full 0):
 garbage-first heap   total 126976K, used 10071K [0x0000000085200000, 0x0000000100000000)
  region size 1024K, 3 young (3072K), 3 survivors (3072K)
 Metaspace       used 12551K, committed 12864K, reserved 1114112K
  class space    used 1525K, committed 1664K, reserved 1048576K
}

